The system is: Linux - 3.10.0-957.el7.x86_64 - x86_64
Compiling the C compiler identification source file "CMakeCCompilerId.c" succeeded.
Compiler: /bin/cc 
Build flags: 
Id flags:  

The output was:
0


Compilation of the C compiler identification source "CMakeCCompilerId.c" produced "a.out"

The C compiler identification is GNU, found in "/labhome/eldarsh/workspace/rdma_cm_time/cmake-build-debug/CMakeFiles/3.14.5/CompilerIdC/a.out"

Determining if the C compiler works passed with the following output:
Change Dir: /labhome/eldarsh/workspace/rdma_cm_time/cmake-build-debug/CMakeFiles/CMakeTmp

Run Build Command(s):/bin/gmake cmTC_174a9/fast 
/bin/gmake -f CMakeFiles/cmTC_174a9.dir/build.make CMakeFiles/cmTC_174a9.dir/build
gmake[1]: Entering directory `/.autodirect/swgwork/eldarsh/workspace/rdma_cm_time/cmake-build-debug/CMakeFiles/CMakeTmp'
Building C object CMakeFiles/cmTC_174a9.dir/testCCompiler.c.o
/bin/cc    -o CMakeFiles/cmTC_174a9.dir/testCCompiler.c.o   -c /labhome/eldarsh/workspace/rdma_cm_time/cmake-build-debug/CMakeFiles/CMakeTmp/testCCompiler.c
Linking C executable cmTC_174a9
/labhome/eldarsh/workspace/clion-2019.2/bin/cmake/linux/bin/cmake -E cmake_link_script CMakeFiles/cmTC_174a9.dir/link.txt --verbose=1
/bin/cc      CMakeFiles/cmTC_174a9.dir/testCCompiler.c.o  -o cmTC_174a9 
gmake[1]: Leaving directory `/.autodirect/swgwork/eldarsh/workspace/rdma_cm_time/cmake-build-debug/CMakeFiles/CMakeTmp'


Detecting C compiler ABI info compiled with the following output:
Change Dir: /labhome/eldarsh/workspace/rdma_cm_time/cmake-build-debug/CMakeFiles/CMakeTmp

Run Build Command(s):/bin/gmake cmTC_03693/fast 
/bin/gmake -f CMakeFiles/cmTC_03693.dir/build.make CMakeFiles/cmTC_03693.dir/build
gmake[1]: Entering directory `/.autodirect/swgwork/eldarsh/workspace/rdma_cm_time/cmake-build-debug/CMakeFiles/CMakeTmp'
Building C object CMakeFiles/cmTC_03693.dir/CMakeCCompilerABI.c.o
/bin/cc   -v -o CMakeFiles/cmTC_03693.dir/CMakeCCompilerABI.c.o   -c /labhome/eldarsh/workspace/clion-2019.2/bin/cmake/linux/share/cmake-3.14/Modules/CMakeCCompilerABI.c
Using built-in specs.
COLLECT_GCC=/bin/cc
Target: x86_64-redhat-linux
Configured with: ../configure --prefix=/usr --mandir=/usr/share/man --infodir=/usr/share/info --with-bugurl=http://bugzilla.redhat.com/bugzilla --enable-bootstrap --enable-shared --enable-threads=posix --enable-checking=release --with-system-zlib --enable-__cxa_atexit --disable-libunwind-exceptions --enable-gnu-unique-object --enable-linker-build-id --with-linker-hash-style=gnu --enable-languages=c,c++,objc,obj-c++,java,fortran,ada,go,lto --enable-plugin --enable-initfini-array --disable-libgcj --with-isl=/builddir/build/BUILD/gcc-4.8.5-20150702/obj-x86_64-redhat-linux/isl-install --with-cloog=/builddir/build/BUILD/gcc-4.8.5-20150702/obj-x86_64-redhat-linux/cloog-install --enable-gnu-indirect-function --with-tune=generic --with-arch_32=x86-64 --build=x86_64-redhat-linux
Thread model: posix
gcc version 4.8.5 20150623 (Red Hat 4.8.5-36) (GCC) 
COLLECT_GCC_OPTIONS='-v' '-o' 'CMakeFiles/cmTC_03693.dir/CMakeCCompilerABI.c.o' '-c' '-mtune=generic' '-march=x86-64'
 /usr/libexec/gcc/x86_64-redhat-linux/4.8.5/cc1 -quiet -v /labhome/eldarsh/workspace/clion-2019.2/bin/cmake/linux/share/cmake-3.14/Modules/CMakeCCompilerABI.c -quiet -dumpbase CMakeCCompilerABI.c -mtune=generic -march=x86-64 -auxbase-strip CMakeFiles/cmTC_03693.dir/CMakeCCompilerABI.c.o -version -o /tmp/cctDe3fE.s
GNU C (GCC) version 4.8.5 20150623 (Red Hat 4.8.5-36) (x86_64-redhat-linux)
	compiled by GNU C version 4.8.5 20150623 (Red Hat 4.8.5-36), GMP version 6.0.0, MPFR version 3.1.1, MPC version 1.0.1
GGC heuristics: --param ggc-min-expand=100 --param ggc-min-heapsize=131072
ignoring nonexistent directory "/usr/lib/gcc/x86_64-redhat-linux/4.8.5/include-fixed"
ignoring nonexistent directory "/usr/lib/gcc/x86_64-redhat-linux/4.8.5/../../../../x86_64-redhat-linux/include"
#include "..." search starts here:
#include <...> search starts here:
 /usr/lib/gcc/x86_64-redhat-linux/4.8.5/include
 /usr/local/include
 /usr/include
End of search list.
GNU C (GCC) version 4.8.5 20150623 (Red Hat 4.8.5-36) (x86_64-redhat-linux)
	compiled by GNU C version 4.8.5 20150623 (Red Hat 4.8.5-36), GMP version 6.0.0, MPFR version 3.1.1, MPC version 1.0.1
GGC heuristics: --param ggc-min-expand=100 --param ggc-min-heapsize=131072
Compiler executable checksum: 1d991baef7d22a1cfb4879366b74b684
COLLECT_GCC_OPTIONS='-v' '-o' 'CMakeFiles/cmTC_03693.dir/CMakeCCompilerABI.c.o' '-c' '-mtune=generic' '-march=x86-64'
 as -v --64 -o CMakeFiles/cmTC_03693.dir/CMakeCCompilerABI.c.o /tmp/cctDe3fE.s
GNU assembler version 2.27 (x86_64-redhat-linux) using BFD version version 2.27-34.base.el7
COMPILER_PATH=/usr/libexec/gcc/x86_64-redhat-linux/4.8.5/:/usr/libexec/gcc/x86_64-redhat-linux/4.8.5/:/usr/libexec/gcc/x86_64-redhat-linux/:/usr/lib/gcc/x86_64-redhat-linux/4.8.5/:/usr/lib/gcc/x86_64-redhat-linux/
LIBRARY_PATH=/usr/lib/gcc/x86_64-redhat-linux/4.8.5/:/usr/lib/gcc/x86_64-redhat-linux/4.8.5/../../../../lib64/:/lib/../lib64/:/usr/lib/../lib64/:/usr/lib/gcc/x86_64-redhat-linux/4.8.5/../../../:/lib/:/usr/lib/
COLLECT_GCC_OPTIONS='-v' '-o' 'CMakeFiles/cmTC_03693.dir/CMakeCCompilerABI.c.o' '-c' '-mtune=generic' '-march=x86-64'
Linking C executable cmTC_03693
/labhome/eldarsh/workspace/clion-2019.2/bin/cmake/linux/bin/cmake -E cmake_link_script CMakeFiles/cmTC_03693.dir/link.txt --verbose=1
/bin/cc     -v CMakeFiles/cmTC_03693.dir/CMakeCCompilerABI.c.o  -o cmTC_03693 
Using built-in specs.
COLLECT_GCC=/bin/cc
COLLECT_LTO_WRAPPER=/usr/libexec/gcc/x86_64-redhat-linux/4.8.5/lto-wrapper
Target: x86_64-redhat-linux
Configured with: ../configure --prefix=/usr --mandir=/usr/share/man --infodir=/usr/share/info --with-bugurl=http://bugzilla.redhat.com/bugzilla --enable-bootstrap --enable-shared --enable-threads=posix --enable-checking=release --with-system-zlib --enable-__cxa_atexit --disable-libunwind-exceptions --enable-gnu-unique-object --enable-linker-build-id --with-linker-hash-style=gnu --enable-languages=c,c++,objc,obj-c++,java,fortran,ada,go,lto --enable-plugin --enable-initfini-array --disable-libgcj --with-isl=/builddir/build/BUILD/gcc-4.8.5-20150702/obj-x86_64-redhat-linux/isl-install --with-cloog=/builddir/build/BUILD/gcc-4.8.5-20150702/obj-x86_64-redhat-linux/cloog-install --enable-gnu-indirect-function --with-tune=generic --with-arch_32=x86-64 --build=x86_64-redhat-linux
Thread model: posix
gcc version 4.8.5 20150623 (Red Hat 4.8.5-36) (GCC) 
COMPILER_PATH=/usr/libexec/gcc/x86_64-redhat-linux/4.8.5/:/usr/libexec/gcc/x86_64-redhat-linux/4.8.5/:/usr/libexec/gcc/x86_64-redhat-linux/:/usr/lib/gcc/x86_64-redhat-linux/4.8.5/:/usr/lib/gcc/x86_64-redhat-linux/
LIBRARY_PATH=/usr/lib/gcc/x86_64-redhat-linux/4.8.5/:/usr/lib/gcc/x86_64-redhat-linux/4.8.5/../../../../lib64/:/lib/../lib64/:/usr/lib/../lib64/:/usr/lib/gcc/x86_64-redhat-linux/4.8.5/../../../:/lib/:/usr/lib/
COLLECT_GCC_OPTIONS='-v' '-o' 'cmTC_03693' '-mtune=generic' '-march=x86-64'
 /usr/libexec/gcc/x86_64-redhat-linux/4.8.5/collect2 --build-id --no-add-needed --eh-frame-hdr --hash-style=gnu -m elf_x86_64 -dynamic-linker /lib64/ld-linux-x86-64.so.2 -o cmTC_03693 /usr/lib/gcc/x86_64-redhat-linux/4.8.5/../../../../lib64/crt1.o /usr/lib/gcc/x86_64-redhat-linux/4.8.5/../../../../lib64/crti.o /usr/lib/gcc/x86_64-redhat-linux/4.8.5/crtbegin.o -L/usr/lib/gcc/x86_64-redhat-linux/4.8.5 -L/usr/lib/gcc/x86_64-redhat-linux/4.8.5/../../../../lib64 -L/lib/../lib64 -L/usr/lib/../lib64 -L/usr/lib/gcc/x86_64-redhat-linux/4.8.5/../../.. CMakeFiles/cmTC_03693.dir/CMakeCCompilerABI.c.o -lgcc --as-needed -lgcc_s --no-as-needed -lc -lgcc --as-needed -lgcc_s --no-as-needed /usr/lib/gcc/x86_64-redhat-linux/4.8.5/crtend.o /usr/lib/gcc/x86_64-redhat-linux/4.8.5/../../../../lib64/crtn.o
gmake[1]: Leaving directory `/.autodirect/swgwork/eldarsh/workspace/rdma_cm_time/cmake-build-debug/CMakeFiles/CMakeTmp'


Parsed C implicit include dir info from above output: rv=done
  found start of include info
  found start of implicit include info
    add: [/usr/lib/gcc/x86_64-redhat-linux/4.8.5/include]
    add: [/usr/local/include]
    add: [/usr/include]
  end of search list found
  collapse include dir [/usr/lib/gcc/x86_64-redhat-linux/4.8.5/include] ==> [/usr/lib/gcc/x86_64-redhat-linux/4.8.5/include]
  collapse include dir [/usr/local/include] ==> [/usr/local/include]
  collapse include dir [/usr/include] ==> [/usr/include]
  implicit include dirs: [/usr/lib/gcc/x86_64-redhat-linux/4.8.5/include;/usr/local/include;/usr/include]


Parsed C implicit link information from above output:
  link line regex: [^( *|.*[/\])(ld|CMAKE_LINK_STARTFILE-NOTFOUND|([^/\]+-)?ld|collect2)[^/\]*( |$)]
  ignore line: [Change Dir: /labhome/eldarsh/workspace/rdma_cm_time/cmake-build-debug/CMakeFiles/CMakeTmp]
  ignore line: []
  ignore line: [Run Build Command(s):/bin/gmake cmTC_03693/fast ]
  ignore line: [/bin/gmake -f CMakeFiles/cmTC_03693.dir/build.make CMakeFiles/cmTC_03693.dir/build]
  ignore line: [gmake[1]: Entering directory `/.autodirect/swgwork/eldarsh/workspace/rdma_cm_time/cmake-build-debug/CMakeFiles/CMakeTmp']
  ignore line: [Building C object CMakeFiles/cmTC_03693.dir/CMakeCCompilerABI.c.o]
  ignore line: [/bin/cc   -v -o CMakeFiles/cmTC_03693.dir/CMakeCCompilerABI.c.o   -c /labhome/eldarsh/workspace/clion-2019.2/bin/cmake/linux/share/cmake-3.14/Modules/CMakeCCompilerABI.c]
  ignore line: [Using built-in specs.]
  ignore line: [COLLECT_GCC=/bin/cc]
  ignore line: [Target: x86_64-redhat-linux]
  ignore line: [Configured with: ../configure --prefix=/usr --mandir=/usr/share/man --infodir=/usr/share/info --with-bugurl=http://bugzilla.redhat.com/bugzilla --enable-bootstrap --enable-shared --enable-threads=posix --enable-checking=release --with-system-zlib --enable-__cxa_atexit --disable-libunwind-exceptions --enable-gnu-unique-object --enable-linker-build-id --with-linker-hash-style=gnu --enable-languages=c,c++,objc,obj-c++,java,fortran,ada,go,lto --enable-plugin --enable-initfini-array --disable-libgcj --with-isl=/builddir/build/BUILD/gcc-4.8.5-20150702/obj-x86_64-redhat-linux/isl-install --with-cloog=/builddir/build/BUILD/gcc-4.8.5-20150702/obj-x86_64-redhat-linux/cloog-install --enable-gnu-indirect-function --with-tune=generic --with-arch_32=x86-64 --build=x86_64-redhat-linux]
  ignore line: [Thread model: posix]
  ignore line: [gcc version 4.8.5 20150623 (Red Hat 4.8.5-36) (GCC) ]
  ignore line: [COLLECT_GCC_OPTIONS='-v' '-o' 'CMakeFiles/cmTC_03693.dir/CMakeCCompilerABI.c.o' '-c' '-mtune=generic' '-march=x86-64']
  ignore line: [ /usr/libexec/gcc/x86_64-redhat-linux/4.8.5/cc1 -quiet -v /labhome/eldarsh/workspace/clion-2019.2/bin/cmake/linux/share/cmake-3.14/Modules/CMakeCCompilerABI.c -quiet -dumpbase CMakeCCompilerABI.c -mtune=generic -march=x86-64 -auxbase-strip CMakeFiles/cmTC_03693.dir/CMakeCCompilerABI.c.o -version -o /tmp/cctDe3fE.s]
  ignore line: [GNU C (GCC) version 4.8.5 20150623 (Red Hat 4.8.5-36) (x86_64-redhat-linux)]
  ignore line: [	compiled by GNU C version 4.8.5 20150623 (Red Hat 4.8.5-36), GMP version 6.0.0, MPFR version 3.1.1, MPC version 1.0.1]
  ignore line: [GGC heuristics: --param ggc-min-expand=100 --param ggc-min-heapsize=131072]
  ignore line: [ignoring nonexistent directory "/usr/lib/gcc/x86_64-redhat-linux/4.8.5/include-fixed"]
  ignore line: [ignoring nonexistent directory "/usr/lib/gcc/x86_64-redhat-linux/4.8.5/../../../../x86_64-redhat-linux/include"]
  ignore line: [#include "..." search starts here:]
  ignore line: [#include <...> search starts here:]
  ignore line: [ /usr/lib/gcc/x86_64-redhat-linux/4.8.5/include]
  ignore line: [ /usr/local/include]
  ignore line: [ /usr/include]
  ignore line: [End of search list.]
  ignore line: [GNU C (GCC) version 4.8.5 20150623 (Red Hat 4.8.5-36) (x86_64-redhat-linux)]
  ignore line: [	compiled by GNU C version 4.8.5 20150623 (Red Hat 4.8.5-36), GMP version 6.0.0, MPFR version 3.1.1, MPC version 1.0.1]
  ignore line: [GGC heuristics: --param ggc-min-expand=100 --param ggc-min-heapsize=131072]
  ignore line: [Compiler executable checksum: 1d991baef7d22a1cfb4879366b74b684]
  ignore line: [COLLECT_GCC_OPTIONS='-v' '-o' 'CMakeFiles/cmTC_03693.dir/CMakeCCompilerABI.c.o' '-c' '-mtune=generic' '-march=x86-64']
  ignore line: [ as -v --64 -o CMakeFiles/cmTC_03693.dir/CMakeCCompilerABI.c.o /tmp/cctDe3fE.s]
  ignore line: [GNU assembler version 2.27 (x86_64-redhat-linux) using BFD version version 2.27-34.base.el7]
  ignore line: [COMPILER_PATH=/usr/libexec/gcc/x86_64-redhat-linux/4.8.5/:/usr/libexec/gcc/x86_64-redhat-linux/4.8.5/:/usr/libexec/gcc/x86_64-redhat-linux/:/usr/lib/gcc/x86_64-redhat-linux/4.8.5/:/usr/lib/gcc/x86_64-redhat-linux/]
  ignore line: [LIBRARY_PATH=/usr/lib/gcc/x86_64-redhat-linux/4.8.5/:/usr/lib/gcc/x86_64-redhat-linux/4.8.5/../../../../lib64/:/lib/../lib64/:/usr/lib/../lib64/:/usr/lib/gcc/x86_64-redhat-linux/4.8.5/../../../:/lib/:/usr/lib/]
  ignore line: [COLLECT_GCC_OPTIONS='-v' '-o' 'CMakeFiles/cmTC_03693.dir/CMakeCCompilerABI.c.o' '-c' '-mtune=generic' '-march=x86-64']
  ignore line: [Linking C executable cmTC_03693]
  ignore line: [/labhome/eldarsh/workspace/clion-2019.2/bin/cmake/linux/bin/cmake -E cmake_link_script CMakeFiles/cmTC_03693.dir/link.txt --verbose=1]
  ignore line: [/bin/cc     -v CMakeFiles/cmTC_03693.dir/CMakeCCompilerABI.c.o  -o cmTC_03693 ]
  ignore line: [Using built-in specs.]
  ignore line: [COLLECT_GCC=/bin/cc]
  ignore line: [COLLECT_LTO_WRAPPER=/usr/libexec/gcc/x86_64-redhat-linux/4.8.5/lto-wrapper]
  ignore line: [Target: x86_64-redhat-linux]
  ignore line: [Configured with: ../configure --prefix=/usr --mandir=/usr/share/man --infodir=/usr/share/info --with-bugurl=http://bugzilla.redhat.com/bugzilla --enable-bootstrap --enable-shared --enable-threads=posix --enable-checking=release --with-system-zlib --enable-__cxa_atexit --disable-libunwind-exceptions --enable-gnu-unique-object --enable-linker-build-id --with-linker-hash-style=gnu --enable-languages=c,c++,objc,obj-c++,java,fortran,ada,go,lto --enable-plugin --enable-initfini-array --disable-libgcj --with-isl=/builddir/build/BUILD/gcc-4.8.5-20150702/obj-x86_64-redhat-linux/isl-install --with-cloog=/builddir/build/BUILD/gcc-4.8.5-20150702/obj-x86_64-redhat-linux/cloog-install --enable-gnu-indirect-function --with-tune=generic --with-arch_32=x86-64 --build=x86_64-redhat-linux]
  ignore line: [Thread model: posix]
  ignore line: [gcc version 4.8.5 20150623 (Red Hat 4.8.5-36) (GCC) ]
  ignore line: [COMPILER_PATH=/usr/libexec/gcc/x86_64-redhat-linux/4.8.5/:/usr/libexec/gcc/x86_64-redhat-linux/4.8.5/:/usr/libexec/gcc/x86_64-redhat-linux/:/usr/lib/gcc/x86_64-redhat-linux/4.8.5/:/usr/lib/gcc/x86_64-redhat-linux/]
  ignore line: [LIBRARY_PATH=/usr/lib/gcc/x86_64-redhat-linux/4.8.5/:/usr/lib/gcc/x86_64-redhat-linux/4.8.5/../../../../lib64/:/lib/../lib64/:/usr/lib/../lib64/:/usr/lib/gcc/x86_64-redhat-linux/4.8.5/../../../:/lib/:/usr/lib/]
  ignore line: [COLLECT_GCC_OPTIONS='-v' '-o' 'cmTC_03693' '-mtune=generic' '-march=x86-64']
  link line: [ /usr/libexec/gcc/x86_64-redhat-linux/4.8.5/collect2 --build-id --no-add-needed --eh-frame-hdr --hash-style=gnu -m elf_x86_64 -dynamic-linker /lib64/ld-linux-x86-64.so.2 -o cmTC_03693 /usr/lib/gcc/x86_64-redhat-linux/4.8.5/../../../../lib64/crt1.o /usr/lib/gcc/x86_64-redhat-linux/4.8.5/../../../../lib64/crti.o /usr/lib/gcc/x86_64-redhat-linux/4.8.5/crtbegin.o -L/usr/lib/gcc/x86_64-redhat-linux/4.8.5 -L/usr/lib/gcc/x86_64-redhat-linux/4.8.5/../../../../lib64 -L/lib/../lib64 -L/usr/lib/../lib64 -L/usr/lib/gcc/x86_64-redhat-linux/4.8.5/../../.. CMakeFiles/cmTC_03693.dir/CMakeCCompilerABI.c.o -lgcc --as-needed -lgcc_s --no-as-needed -lc -lgcc --as-needed -lgcc_s --no-as-needed /usr/lib/gcc/x86_64-redhat-linux/4.8.5/crtend.o /usr/lib/gcc/x86_64-redhat-linux/4.8.5/../../../../lib64/crtn.o]
    arg [/usr/libexec/gcc/x86_64-redhat-linux/4.8.5/collect2] ==> ignore
    arg [--build-id] ==> ignore
    arg [--no-add-needed] ==> ignore
    arg [--eh-frame-hdr] ==> ignore
    arg [--hash-style=gnu] ==> ignore
    arg [-m] ==> ignore
    arg [elf_x86_64] ==> ignore
    arg [-dynamic-linker] ==> ignore
    arg [/lib64/ld-linux-x86-64.so.2] ==> ignore
    arg [-o] ==> ignore
    arg [cmTC_03693] ==> ignore
    arg [/usr/lib/gcc/x86_64-redhat-linux/4.8.5/../../../../lib64/crt1.o] ==> ignore
    arg [/usr/lib/gcc/x86_64-redhat-linux/4.8.5/../../../../lib64/crti.o] ==> ignore
    arg [/usr/lib/gcc/x86_64-redhat-linux/4.8.5/crtbegin.o] ==> ignore
    arg [-L/usr/lib/gcc/x86_64-redhat-linux/4.8.5] ==> dir [/usr/lib/gcc/x86_64-redhat-linux/4.8.5]
    arg [-L/usr/lib/gcc/x86_64-redhat-linux/4.8.5/../../../../lib64] ==> dir [/usr/lib/gcc/x86_64-redhat-linux/4.8.5/../../../../lib64]
    arg [-L/lib/../lib64] ==> dir [/lib/../lib64]
    arg [-L/usr/lib/../lib64] ==> dir [/usr/lib/../lib64]
    arg [-L/usr/lib/gcc/x86_64-redhat-linux/4.8.5/../../..] ==> dir [/usr/lib/gcc/x86_64-redhat-linux/4.8.5/../../..]
    arg [CMakeFiles/cmTC_03693.dir/CMakeCCompilerABI.c.o] ==> ignore
    arg [-lgcc] ==> lib [gcc]
    arg [--as-needed] ==> ignore
    arg [-lgcc_s] ==> lib [gcc_s]
    arg [--no-as-needed] ==> ignore
    arg [-lc] ==> lib [c]
    arg [-lgcc] ==> lib [gcc]
    arg [--as-needed] ==> ignore
    arg [-lgcc_s] ==> lib [gcc_s]
    arg [--no-as-needed] ==> ignore
    arg [/usr/lib/gcc/x86_64-redhat-linux/4.8.5/crtend.o] ==> ignore
    arg [/usr/lib/gcc/x86_64-redhat-linux/4.8.5/../../../../lib64/crtn.o] ==> ignore
  collapse library dir [/usr/lib/gcc/x86_64-redhat-linux/4.8.5] ==> [/usr/lib/gcc/x86_64-redhat-linux/4.8.5]
  collapse library dir [/usr/lib/gcc/x86_64-redhat-linux/4.8.5/../../../../lib64] ==> [/usr/lib64]
  collapse library dir [/lib/../lib64] ==> [/lib64]
  collapse library dir [/usr/lib/../lib64] ==> [/usr/lib64]
  collapse library dir [/usr/lib/gcc/x86_64-redhat-linux/4.8.5/../../..] ==> [/usr/lib]
  implicit libs: [gcc;gcc_s;c;gcc;gcc_s]
  implicit dirs: [/usr/lib/gcc/x86_64-redhat-linux/4.8.5;/usr/lib64;/lib64;/usr/lib]
  implicit fwks: []




Detecting C [-std=c11] compiler features compiled with the following output:
Change Dir: /labhome/eldarsh/workspace/rdma_cm_time/cmake-build-debug/CMakeFiles/CMakeTmp

Run Build Command(s):/bin/gmake cmTC_bbed4/fast 
/bin/gmake -f CMakeFiles/cmTC_bbed4.dir/build.make CMakeFiles/cmTC_bbed4.dir/build
gmake[1]: Entering directory `/.autodirect/swgwork/eldarsh/workspace/rdma_cm_time/cmake-build-debug/CMakeFiles/CMakeTmp'
Building C object CMakeFiles/cmTC_bbed4.dir/feature_tests.c.o
/bin/cc   -std=c11 -o CMakeFiles/cmTC_bbed4.dir/feature_tests.c.o   -c /labhome/eldarsh/workspace/rdma_cm_time/cmake-build-debug/CMakeFiles/feature_tests.c
Linking C executable cmTC_bbed4
/labhome/eldarsh/workspace/clion-2019.2/bin/cmake/linux/bin/cmake -E cmake_link_script CMakeFiles/cmTC_bbed4.dir/link.txt --verbose=1
/bin/cc      CMakeFiles/cmTC_bbed4.dir/feature_tests.c.o  -o cmTC_bbed4 
gmake[1]: Leaving directory `/.autodirect/swgwork/eldarsh/workspace/rdma_cm_time/cmake-build-debug/CMakeFiles/CMakeTmp'


    Feature record: C_FEATURE:1c_function_prototypes
    Feature record: C_FEATURE:1c_restrict
    Feature record: C_FEATURE:1c_static_assert
    Feature record: C_FEATURE:1c_variadic_macros


Detecting C [-std=c99] compiler features compiled with the following output:
Change Dir: /labhome/eldarsh/workspace/rdma_cm_time/cmake-build-debug/CMakeFiles/CMakeTmp

Run Build Command(s):/bin/gmake cmTC_dc9dd/fast 
/bin/gmake -f CMakeFiles/cmTC_dc9dd.dir/build.make CMakeFiles/cmTC_dc9dd.dir/build
gmake[1]: Entering directory `/.autodirect/swgwork/eldarsh/workspace/rdma_cm_time/cmake-build-debug/CMakeFiles/CMakeTmp'
Building C object CMakeFiles/cmTC_dc9dd.dir/feature_tests.c.o
/bin/cc   -std=c99 -o CMakeFiles/cmTC_dc9dd.dir/feature_tests.c.o   -c /labhome/eldarsh/workspace/rdma_cm_time/cmake-build-debug/CMakeFiles/feature_tests.c
Linking C executable cmTC_dc9dd
/labhome/eldarsh/workspace/clion-2019.2/bin/cmake/linux/bin/cmake -E cmake_link_script CMakeFiles/cmTC_dc9dd.dir/link.txt --verbose=1
/bin/cc      CMakeFiles/cmTC_dc9dd.dir/feature_tests.c.o  -o cmTC_dc9dd 
gmake[1]: Leaving directory `/.autodirect/swgwork/eldarsh/workspace/rdma_cm_time/cmake-build-debug/CMakeFiles/CMakeTmp'


    Feature record: C_FEATURE:1c_function_prototypes
    Feature record: C_FEATURE:1c_restrict
    Feature record: C_FEATURE:0c_static_assert
    Feature record: C_FEATURE:1c_variadic_macros


Detecting C [-std=c90] compiler features compiled with the following output:
Change Dir: /labhome/eldarsh/workspace/rdma_cm_time/cmake-build-debug/CMakeFiles/CMakeTmp

Run Build Command(s):/bin/gmake cmTC_fe09a/fast 
/bin/gmake -f CMakeFiles/cmTC_fe09a.dir/build.make CMakeFiles/cmTC_fe09a.dir/build
gmake[1]: Entering directory `/.autodirect/swgwork/eldarsh/workspace/rdma_cm_time/cmake-build-debug/CMakeFiles/CMakeTmp'
Building C object CMakeFiles/cmTC_fe09a.dir/feature_tests.c.o
/bin/cc   -std=c90 -o CMakeFiles/cmTC_fe09a.dir/feature_tests.c.o   -c /labhome/eldarsh/workspace/rdma_cm_time/cmake-build-debug/CMakeFiles/feature_tests.c
Linking C executable cmTC_fe09a
/labhome/eldarsh/workspace/clion-2019.2/bin/cmake/linux/bin/cmake -E cmake_link_script CMakeFiles/cmTC_fe09a.dir/link.txt --verbose=1
/bin/cc      CMakeFiles/cmTC_fe09a.dir/feature_tests.c.o  -o cmTC_fe09a 
gmake[1]: Leaving directory `/.autodirect/swgwork/eldarsh/workspace/rdma_cm_time/cmake-build-debug/CMakeFiles/CMakeTmp'


    Feature record: C_FEATURE:1c_function_prototypes
    Feature record: C_FEATURE:0c_restrict
    Feature record: C_FEATURE:0c_static_assert
    Feature record: C_FEATURE:0c_variadic_macros
Performing C SOURCE FILE Test HAVE_NO_SPARSE succeeded with the following output:
Change Dir: /labhome/eldarsh/workspace/rdma_cm_time/cmake-build-debug/CMakeFiles/CMakeTmp

Run Build Command(s):/bin/gmake cmTC_c1ce4/fast 
/bin/gmake -f CMakeFiles/cmTC_c1ce4.dir/build.make CMakeFiles/cmTC_c1ce4.dir/build
gmake[1]: Entering directory `/.autodirect/swgwork/eldarsh/workspace/rdma_cm_time/cmake-build-debug/CMakeFiles/CMakeTmp'
Building C object CMakeFiles/cmTC_c1ce4.dir/src.c.o
/bin/cc   -libverbs -lpthread   -DHAVE_NO_SPARSE   -std=gnu11 -o CMakeFiles/cmTC_c1ce4.dir/src.c.o   -c /labhome/eldarsh/workspace/rdma_cm_time/cmake-build-debug/CMakeFiles/CMakeTmp/src.c
Linking C executable cmTC_c1ce4
/labhome/eldarsh/workspace/clion-2019.2/bin/cmake/linux/bin/cmake -E cmake_link_script CMakeFiles/cmTC_c1ce4.dir/link.txt --verbose=1
/bin/cc  -libverbs -lpthread   -DHAVE_NO_SPARSE    CMakeFiles/cmTC_c1ce4.dir/src.c.o  -o cmTC_c1ce4 
gmake[1]: Leaving directory `/.autodirect/swgwork/eldarsh/workspace/rdma_cm_time/cmake-build-debug/CMakeFiles/CMakeTmp'

Source file was:

#if __CHECKER__
#warning "SPARSE DETECTED"
#endif
int main(int argc,const char *argv[]) {return 0;}

Performing C SOURCE FILE Test HAVE_C_WORKING_SHADOW succeeded with the following output:
Change Dir: /labhome/eldarsh/workspace/rdma_cm_time/cmake-build-debug/CMakeFiles/CMakeTmp

Run Build Command(s):/bin/gmake cmTC_efbb8/fast 
/bin/gmake -f CMakeFiles/cmTC_efbb8.dir/build.make CMakeFiles/cmTC_efbb8.dir/build
gmake[1]: Entering directory `/.autodirect/swgwork/eldarsh/workspace/rdma_cm_time/cmake-build-debug/CMakeFiles/CMakeTmp'
Building C object CMakeFiles/cmTC_efbb8.dir/src.c.o
/bin/cc   -libverbs -lpthread   -DHAVE_C_WORKING_SHADOW -Wshadow   -std=gnu11 -o CMakeFiles/cmTC_efbb8.dir/src.c.o   -c /labhome/eldarsh/workspace/rdma_cm_time/cmake-build-debug/CMakeFiles/CMakeTmp/src.c
Linking C executable cmTC_efbb8
/labhome/eldarsh/workspace/clion-2019.2/bin/cmake/linux/bin/cmake -E cmake_link_script CMakeFiles/cmTC_efbb8.dir/link.txt --verbose=1
/bin/cc  -libverbs -lpthread   -DHAVE_C_WORKING_SHADOW -Wshadow    CMakeFiles/cmTC_efbb8.dir/src.c.o  -o cmTC_efbb8 
gmake[1]: Leaving directory `/.autodirect/swgwork/eldarsh/workspace/rdma_cm_time/cmake-build-debug/CMakeFiles/CMakeTmp'

Source file was:

 #include <unistd.h>
 int main(int argc,const char *argv[]) { int access = 1; return access; }
Performing C SOURCE FILE Test HAVE_C_WORKING_MISSING_FIELD_INITIALIZERS succeeded with the following output:
Change Dir: /labhome/eldarsh/workspace/rdma_cm_time/cmake-build-debug/CMakeFiles/CMakeTmp

Run Build Command(s):/bin/gmake cmTC_b4617/fast 
/bin/gmake -f CMakeFiles/cmTC_b4617.dir/build.make CMakeFiles/cmTC_b4617.dir/build
gmake[1]: Entering directory `/.autodirect/swgwork/eldarsh/workspace/rdma_cm_time/cmake-build-debug/CMakeFiles/CMakeTmp'
Building C object CMakeFiles/cmTC_b4617.dir/src.c.o
/bin/cc   -libverbs -lpthread   -Wshadow -DHAVE_C_WORKING_MISSING_FIELD_INITIALIZERS   -std=gnu11 -o CMakeFiles/cmTC_b4617.dir/src.c.o   -c /labhome/eldarsh/workspace/rdma_cm_time/cmake-build-debug/CMakeFiles/CMakeTmp/src.c
Linking C executable cmTC_b4617
/labhome/eldarsh/workspace/clion-2019.2/bin/cmake/linux/bin/cmake -E cmake_link_script CMakeFiles/cmTC_b4617.dir/link.txt --verbose=1
/bin/cc  -libverbs -lpthread   -Wshadow -DHAVE_C_WORKING_MISSING_FIELD_INITIALIZERS    CMakeFiles/cmTC_b4617.dir/src.c.o  -o cmTC_b4617 
gmake[1]: Leaving directory `/.autodirect/swgwork/eldarsh/workspace/rdma_cm_time/cmake-build-debug/CMakeFiles/CMakeTmp'

Source file was:

 struct foo { int a; int b; };
 int main(int argc,const char *argv[]) { struct foo tmp = {}; return tmp.a; }
Performing C SOURCE FILE Test HAVE_NO_STRICT_ALIASING succeeded with the following output:
Change Dir: /labhome/eldarsh/workspace/rdma_cm_time/cmake-build-debug/CMakeFiles/CMakeTmp

Run Build Command(s):/bin/gmake cmTC_bbeb5/fast 
/bin/gmake -f CMakeFiles/cmTC_bbeb5.dir/build.make CMakeFiles/cmTC_bbeb5.dir/build
gmake[1]: Entering directory `/.autodirect/swgwork/eldarsh/workspace/rdma_cm_time/cmake-build-debug/CMakeFiles/CMakeTmp'
Building C object CMakeFiles/cmTC_bbeb5.dir/src.c.o
/bin/cc   -libverbs -lpthread   -Wshadow -DHAVE_NO_STRICT_ALIASING   -fno-strict-aliasing -std=gnu11 -o CMakeFiles/cmTC_bbeb5.dir/src.c.o   -c /labhome/eldarsh/workspace/rdma_cm_time/cmake-build-debug/CMakeFiles/CMakeTmp/src.c
Linking C executable cmTC_bbeb5
/labhome/eldarsh/workspace/clion-2019.2/bin/cmake/linux/bin/cmake -E cmake_link_script CMakeFiles/cmTC_bbeb5.dir/link.txt --verbose=1
/bin/cc  -libverbs -lpthread   -Wshadow -DHAVE_NO_STRICT_ALIASING    CMakeFiles/cmTC_bbeb5.dir/src.c.o  -o cmTC_bbeb5 
gmake[1]: Leaving directory `/.autodirect/swgwork/eldarsh/workspace/rdma_cm_time/cmake-build-debug/CMakeFiles/CMakeTmp'

Source file was:
int main(void) { return 0; }
Performing C SOURCE FILE Test HAVE_NO_VAR_TRACKING_ASSIGNMENTS succeeded with the following output:
Change Dir: /labhome/eldarsh/workspace/rdma_cm_time/cmake-build-debug/CMakeFiles/CMakeTmp

Run Build Command(s):/bin/gmake cmTC_09025/fast 
/bin/gmake -f CMakeFiles/cmTC_09025.dir/build.make CMakeFiles/cmTC_09025.dir/build
gmake[1]: Entering directory `/.autodirect/swgwork/eldarsh/workspace/rdma_cm_time/cmake-build-debug/CMakeFiles/CMakeTmp'
Building C object CMakeFiles/cmTC_09025.dir/src.c.o
/bin/cc   -libverbs -lpthread   -Wshadow -DHAVE_NO_VAR_TRACKING_ASSIGNMENTS   -fno-var-tracking-assignments -std=gnu11 -o CMakeFiles/cmTC_09025.dir/src.c.o   -c /labhome/eldarsh/workspace/rdma_cm_time/cmake-build-debug/CMakeFiles/CMakeTmp/src.c
Linking C executable cmTC_09025
/labhome/eldarsh/workspace/clion-2019.2/bin/cmake/linux/bin/cmake -E cmake_link_script CMakeFiles/cmTC_09025.dir/link.txt --verbose=1
/bin/cc  -libverbs -lpthread   -Wshadow -DHAVE_NO_VAR_TRACKING_ASSIGNMENTS    CMakeFiles/cmTC_09025.dir/src.c.o  -o cmTC_09025 
gmake[1]: Leaving directory `/.autodirect/swgwork/eldarsh/workspace/rdma_cm_time/cmake-build-debug/CMakeFiles/CMakeTmp'

Source file was:
int main(void) { return 0; }
Performing C SOURCE FILE Test HAVE_FUNC_ATTRIBUTE_IFUNC succeeded with the following output:
Change Dir: /labhome/eldarsh/workspace/rdma_cm_time/cmake-build-debug/CMakeFiles/CMakeTmp

Run Build Command(s):/bin/gmake cmTC_d7c09/fast 
/bin/gmake -f CMakeFiles/cmTC_d7c09.dir/build.make CMakeFiles/cmTC_d7c09.dir/build
gmake[1]: Entering directory `/.autodirect/swgwork/eldarsh/workspace/rdma_cm_time/cmake-build-debug/CMakeFiles/CMakeTmp'
Building C object CMakeFiles/cmTC_d7c09.dir/src.c.o
/bin/cc   -libverbs -lpthread   -Wshadow -DHAVE_FUNC_ATTRIBUTE_IFUNC   -std=gnu11 -o CMakeFiles/cmTC_d7c09.dir/src.c.o   -c /labhome/eldarsh/workspace/rdma_cm_time/cmake-build-debug/CMakeFiles/CMakeTmp/src.c
Linking C executable cmTC_d7c09
/labhome/eldarsh/workspace/clion-2019.2/bin/cmake/linux/bin/cmake -E cmake_link_script CMakeFiles/cmTC_d7c09.dir/link.txt --verbose=1
/bin/cc  -libverbs -lpthread   -Wshadow -DHAVE_FUNC_ATTRIBUTE_IFUNC    CMakeFiles/cmTC_d7c09.dir/src.c.o  -o cmTC_d7c09 
gmake[1]: Leaving directory `/.autodirect/swgwork/eldarsh/workspace/rdma_cm_time/cmake-build-debug/CMakeFiles/CMakeTmp'

Source file was:

 #include <unistd.h>

 void entry(void);

 static void do_entry(void) {}
 void entry(void) __attribute__((ifunc("resolve_entry")));
 typedef void (*fn_t)(void);
 static fn_t resolve_entry(void) {return &do_entry;}

 int main(int argc,const char *argv[]) { entry(); }
Performing C SOURCE FILE Test HAS_CLOEXEC succeeded with the following output:
Change Dir: /labhome/eldarsh/workspace/rdma_cm_time/cmake-build-debug/CMakeFiles/CMakeTmp

Run Build Command(s):/bin/gmake cmTC_86fc5/fast 
/bin/gmake -f CMakeFiles/cmTC_86fc5.dir/build.make CMakeFiles/cmTC_86fc5.dir/build
gmake[1]: Entering directory `/.autodirect/swgwork/eldarsh/workspace/rdma_cm_time/cmake-build-debug/CMakeFiles/CMakeTmp'
Building C object CMakeFiles/cmTC_86fc5.dir/src.c.o
/bin/cc   -libverbs -lpthread   -Wshadow -DHAS_CLOEXEC   -std=gnu11 -o CMakeFiles/cmTC_86fc5.dir/src.c.o   -c /labhome/eldarsh/workspace/rdma_cm_time/cmake-build-debug/CMakeFiles/CMakeTmp/src.c
Linking C executable cmTC_86fc5
/labhome/eldarsh/workspace/clion-2019.2/bin/cmake/linux/bin/cmake -E cmake_link_script CMakeFiles/cmTC_86fc5.dir/link.txt --verbose=1
/bin/cc  -libverbs -lpthread   -Wshadow -DHAS_CLOEXEC    CMakeFiles/cmTC_86fc5.dir/src.c.o  -o cmTC_86fc5 
gmake[1]: Leaving directory `/.autodirect/swgwork/eldarsh/workspace/rdma_cm_time/cmake-build-debug/CMakeFiles/CMakeTmp'

Source file was:

 #include <sys/types.h>
 #include <sys/stat.h>
 #include <sys/socket.h>
 #include <fcntl.h>
 int main(int argc,const char *argv[]) {
    open(".",O_RDONLY | O_CLOEXEC);
    socket(AF_INET, SOCK_STREAM | SOCK_CLOEXEC, 0);
    return 0;
 }
Performing C SOURCE FILE Test HAVE_FUNC_ATTRIBUTE_ALWAYS_INLINE succeeded with the following output:
Change Dir: /labhome/eldarsh/workspace/rdma_cm_time/cmake-build-debug/CMakeFiles/CMakeTmp

Run Build Command(s):/bin/gmake cmTC_e0fe6/fast 
/bin/gmake -f CMakeFiles/cmTC_e0fe6.dir/build.make CMakeFiles/cmTC_e0fe6.dir/build
gmake[1]: Entering directory `/.autodirect/swgwork/eldarsh/workspace/rdma_cm_time/cmake-build-debug/CMakeFiles/CMakeTmp'
Building C object CMakeFiles/cmTC_e0fe6.dir/src.c.o
/bin/cc   -libverbs -lpthread   -Wshadow -DHAVE_FUNC_ATTRIBUTE_ALWAYS_INLINE   -std=gnu11 -o CMakeFiles/cmTC_e0fe6.dir/src.c.o   -c /labhome/eldarsh/workspace/rdma_cm_time/cmake-build-debug/CMakeFiles/CMakeTmp/src.c
Linking C executable cmTC_e0fe6
/labhome/eldarsh/workspace/clion-2019.2/bin/cmake/linux/bin/cmake -E cmake_link_script CMakeFiles/cmTC_e0fe6.dir/link.txt --verbose=1
/bin/cc  -libverbs -lpthread   -Wshadow -DHAVE_FUNC_ATTRIBUTE_ALWAYS_INLINE    CMakeFiles/cmTC_e0fe6.dir/src.c.o  -o cmTC_e0fe6 
gmake[1]: Leaving directory `/.autodirect/swgwork/eldarsh/workspace/rdma_cm_time/cmake-build-debug/CMakeFiles/CMakeTmp'

Source file was:

 int foo(void);
 inline __attribute__((always_inline)) int foo(void) {return 0;}
 int main(int argc,const char *argv[]) { return foo(); }
Performing C SOURCE FILE Test HAVE_LONG_LONG_U64 succeeded with the following output:
Change Dir: /labhome/eldarsh/workspace/rdma_cm_time/cmake-build-debug/CMakeFiles/CMakeTmp

Run Build Command(s):/bin/gmake cmTC_723ae/fast 
/bin/gmake -f CMakeFiles/cmTC_723ae.dir/build.make CMakeFiles/cmTC_723ae.dir/build
gmake[1]: Entering directory `/.autodirect/swgwork/eldarsh/workspace/rdma_cm_time/cmake-build-debug/CMakeFiles/CMakeTmp'
Building C object CMakeFiles/cmTC_723ae.dir/src.c.o
/bin/cc   -libverbs -lpthread   -Wshadow -DHAVE_LONG_LONG_U64   -std=gnu11 -o CMakeFiles/cmTC_723ae.dir/src.c.o   -c /labhome/eldarsh/workspace/rdma_cm_time/cmake-build-debug/CMakeFiles/CMakeTmp/src.c
Linking C executable cmTC_723ae
/labhome/eldarsh/workspace/clion-2019.2/bin/cmake/linux/bin/cmake -E cmake_link_script CMakeFiles/cmTC_723ae.dir/link.txt --verbose=1
/bin/cc  -libverbs -lpthread   -Wshadow -DHAVE_LONG_LONG_U64    CMakeFiles/cmTC_723ae.dir/src.c.o  -o cmTC_723ae 
gmake[1]: Leaving directory `/.autodirect/swgwork/eldarsh/workspace/rdma_cm_time/cmake-build-debug/CMakeFiles/CMakeTmp'

Source file was:

#include <linux/types.h>
 int main(int argc,const char *argv[]) { __u64 tmp = 0; unsigned long long *tmp2 = &tmp; return *tmp2; }
Performing C SOURCE FILE Test HAVE_WORKING_STRICT_ALIASING succeeded with the following output:
Change Dir: /labhome/eldarsh/workspace/rdma_cm_time/cmake-build-debug/CMakeFiles/CMakeTmp

Run Build Command(s):/bin/gmake cmTC_f8a2c/fast 
/bin/gmake -f CMakeFiles/cmTC_f8a2c.dir/build.make CMakeFiles/cmTC_f8a2c.dir/build
gmake[1]: Entering directory `/.autodirect/swgwork/eldarsh/workspace/rdma_cm_time/cmake-build-debug/CMakeFiles/CMakeTmp'
Building C object CMakeFiles/cmTC_f8a2c.dir/src.c.o
/bin/cc   -libverbs -lpthread   -Wshadow -O2 -DHAVE_WORKING_STRICT_ALIASING   -std=gnu11 -o CMakeFiles/cmTC_f8a2c.dir/src.c.o   -c /labhome/eldarsh/workspace/rdma_cm_time/cmake-build-debug/CMakeFiles/CMakeTmp/src.c
Linking C executable cmTC_f8a2c
/labhome/eldarsh/workspace/clion-2019.2/bin/cmake/linux/bin/cmake -E cmake_link_script CMakeFiles/cmTC_f8a2c.dir/link.txt --verbose=1
/bin/cc  -libverbs -lpthread   -Wshadow -O2 -DHAVE_WORKING_STRICT_ALIASING    CMakeFiles/cmTC_f8a2c.dir/src.c.o  -o cmTC_f8a2c 
gmake[1]: Leaving directory `/.autodirect/swgwork/eldarsh/workspace/rdma_cm_time/cmake-build-debug/CMakeFiles/CMakeTmp'

Source file was:

struct in6_addr {unsigned int u6_addr32[4];};
struct iphdr {unsigned int daddr;};
union ibv_gid {unsigned char raw[16];};

static void map_ipv4_addr_to_ipv6(struct in6_addr *ipv6) {ipv6->u6_addr32[0] = 0;}
static int set_ah_attr_by_ipv4(struct iphdr *ip4h)
{
	union ibv_gid sgid = {};
	map_ipv4_addr_to_ipv6((struct in6_addr *)&sgid);
	return 0;
}

int main(int argc, char *argv[])
{
	struct in6_addr a;
	struct iphdr h = {};
	map_ipv4_addr_to_ipv6(&a);
	return set_ah_attr_by_ipv4(&h);
}
Performing C SOURCE FILE Test HAVE_LARGE_FILES succeeded with the following output:
Change Dir: /labhome/eldarsh/workspace/rdma_cm_time/cmake-build-debug/CMakeFiles/CMakeTmp

Run Build Command(s):/bin/gmake cmTC_84644/fast 
/bin/gmake -f CMakeFiles/cmTC_84644.dir/build.make CMakeFiles/cmTC_84644.dir/build
gmake[1]: Entering directory `/.autodirect/swgwork/eldarsh/workspace/rdma_cm_time/cmake-build-debug/CMakeFiles/CMakeTmp'
Building C object CMakeFiles/cmTC_84644.dir/src.c.o
/bin/cc   -libverbs -lpthread   -Wshadow -DHAVE_LARGE_FILES   -std=gnu11 -o CMakeFiles/cmTC_84644.dir/src.c.o   -c /labhome/eldarsh/workspace/rdma_cm_time/cmake-build-debug/CMakeFiles/CMakeTmp/src.c
Linking C executable cmTC_84644
/labhome/eldarsh/workspace/clion-2019.2/bin/cmake/linux/bin/cmake -E cmake_link_script CMakeFiles/cmTC_84644.dir/link.txt --verbose=1
/bin/cc  -libverbs -lpthread   -Wshadow -DHAVE_LARGE_FILES    CMakeFiles/cmTC_84644.dir/src.c.o  -o cmTC_84644 
gmake[1]: Leaving directory `/.autodirect/swgwork/eldarsh/workspace/rdma_cm_time/cmake-build-debug/CMakeFiles/CMakeTmp'

Source file was:

#include <sys/types.h>
 #define BUILD_ASSERT_OR_ZERO(cond) (sizeof(char [1 - 2*!(cond)]) - 1)
 int main(int argc,const char *argv[]) { return BUILD_ASSERT_OR_ZERO(sizeof(off_t) >= 8); }
Performing C SOURCE FILE Test HAVE_TARGET_SSE succeeded with the following output:
Change Dir: /labhome/eldarsh/workspace/rdma_cm_time/cmake-build-debug/CMakeFiles/CMakeTmp

Run Build Command(s):/bin/gmake cmTC_fa922/fast 
/bin/gmake -f CMakeFiles/cmTC_fa922.dir/build.make CMakeFiles/cmTC_fa922.dir/build
gmake[1]: Entering directory `/.autodirect/swgwork/eldarsh/workspace/rdma_cm_time/cmake-build-debug/CMakeFiles/CMakeTmp'
Building C object CMakeFiles/cmTC_fa922.dir/src.c.o
/bin/cc   -libverbs -lpthread   -Wshadow -DHAVE_TARGET_SSE   -std=gnu11 -o CMakeFiles/cmTC_fa922.dir/src.c.o   -c /labhome/eldarsh/workspace/rdma_cm_time/cmake-build-debug/CMakeFiles/CMakeTmp/src.c
Linking C executable cmTC_fa922
/labhome/eldarsh/workspace/clion-2019.2/bin/cmake/linux/bin/cmake -E cmake_link_script CMakeFiles/cmTC_fa922.dir/link.txt --verbose=1
/bin/cc  -libverbs -lpthread   -Wshadow -DHAVE_TARGET_SSE    CMakeFiles/cmTC_fa922.dir/src.c.o  -o cmTC_fa922 
gmake[1]: Leaving directory `/.autodirect/swgwork/eldarsh/workspace/rdma_cm_time/cmake-build-debug/CMakeFiles/CMakeTmp'

Source file was:

#if defined(__i386__)
#include <string.h>
#include <xmmintrin.h>
int __attribute__((target("sse"))) main(int argc, char *argv[])
{
	__m128 tmp = {};

	tmp = _mm_loadl_pi(tmp, (__m64 *)&main);
	_mm_storel_pi((__m64 *)&main, tmp);
	return memchr(&tmp, 0, sizeof(tmp)) == &tmp;
}
#else
int main(int argc, char *argv[])
{
	return 0;
}
#endif

Performing C SOURCE FILE Test SUPPORTS_AS_NEEDED succeeded with the following output:
Change Dir: /labhome/eldarsh/workspace/rdma_cm_time/cmake-build-debug/CMakeFiles/CMakeTmp

Run Build Command(s):/bin/gmake cmTC_e2310/fast 
/bin/gmake -f CMakeFiles/cmTC_e2310.dir/build.make CMakeFiles/cmTC_e2310.dir/build
gmake[1]: Entering directory `/.autodirect/swgwork/eldarsh/workspace/rdma_cm_time/cmake-build-debug/CMakeFiles/CMakeTmp'
Building C object CMakeFiles/cmTC_e2310.dir/src.c.o
/bin/cc   -libverbs -lpthread   -Wshadow -DSUPPORTS_AS_NEEDED   -std=gnu11 -o CMakeFiles/cmTC_e2310.dir/src.c.o   -c /labhome/eldarsh/workspace/rdma_cm_time/cmake-build-debug/CMakeFiles/CMakeTmp/src.c
Linking C executable cmTC_e2310
/labhome/eldarsh/workspace/clion-2019.2/bin/cmake/linux/bin/cmake -E cmake_link_script CMakeFiles/cmTC_e2310.dir/link.txt --verbose=1
/bin/cc  -libverbs -lpthread   -Wshadow -DSUPPORTS_AS_NEEDED   -Wl,--as-needed  CMakeFiles/cmTC_e2310.dir/src.c.o  -o cmTC_e2310 
gmake[1]: Leaving directory `/.autodirect/swgwork/eldarsh/workspace/rdma_cm_time/cmake-build-debug/CMakeFiles/CMakeTmp'

Source file was:
int main(void) { return 0; }
Performing C SOURCE FILE Test SUPPORTS_NO_UNDEFINED succeeded with the following output:
Change Dir: /labhome/eldarsh/workspace/rdma_cm_time/cmake-build-debug/CMakeFiles/CMakeTmp

Run Build Command(s):/bin/gmake cmTC_39942/fast 
/bin/gmake -f CMakeFiles/cmTC_39942.dir/build.make CMakeFiles/cmTC_39942.dir/build
gmake[1]: Entering directory `/.autodirect/swgwork/eldarsh/workspace/rdma_cm_time/cmake-build-debug/CMakeFiles/CMakeTmp'
Building C object CMakeFiles/cmTC_39942.dir/src.c.o
/bin/cc   -libverbs -lpthread   -Wshadow -DSUPPORTS_NO_UNDEFINED   -std=gnu11 -o CMakeFiles/cmTC_39942.dir/src.c.o   -c /labhome/eldarsh/workspace/rdma_cm_time/cmake-build-debug/CMakeFiles/CMakeTmp/src.c
Linking C executable cmTC_39942
/labhome/eldarsh/workspace/clion-2019.2/bin/cmake/linux/bin/cmake -E cmake_link_script CMakeFiles/cmTC_39942.dir/link.txt --verbose=1
/bin/cc  -libverbs -lpthread   -Wshadow -DSUPPORTS_NO_UNDEFINED   -Wl,--as-needed -Wl,--no-undefined  CMakeFiles/cmTC_39942.dir/src.c.o  -o cmTC_39942 
gmake[1]: Leaving directory `/.autodirect/swgwork/eldarsh/workspace/rdma_cm_time/cmake-build-debug/CMakeFiles/CMakeTmp'

Source file was:
int main(void) { return 0; }
