Performing C SOURCE FILE Test HAVE_GLIBC_UAPI_COMPAT failed with the following output:
Change Dir: /labhome/eldarsh/workspace/rdma_cm_time/cmake-build-debug/CMakeFiles/CMakeTmp

Run Build Command(s):/bin/gmake cmTC_b5d9e/fast 
/bin/gmake -f CMakeFiles/cmTC_b5d9e.dir/build.make CMakeFiles/cmTC_b5d9e.dir/build
gmake[1]: Entering directory `/.autodirect/swgwork/eldarsh/workspace/rdma_cm_time/cmake-build-debug/CMakeFiles/CMakeTmp'
Building C object CMakeFiles/cmTC_b5d9e.dir/src.c.o
/bin/cc   -libverbs -lpthread   -Wshadow -DHAVE_GLIBC_UAPI_COMPAT   -std=gnu11 -o CMakeFiles/cmTC_b5d9e.dir/src.c.o   -c /labhome/eldarsh/workspace/rdma_cm_time/cmake-build-debug/CMakeFiles/CMakeTmp/src.c
In file included from /labhome/eldarsh/workspace/rdma_cm_time/cmake-build-debug/CMakeFiles/CMakeTmp/src.c:3:0:
/usr/include/linux/in.h:26:3: error: redeclaration of enumerator ‘IPPROTO_IP’
   IPPROTO_IP = 0,  /* Dummy protocol for TCP  */
   ^
/usr/include/netinet/in.h:43:5: note: previous definition of ‘IPPROTO_IP’ was here
     IPPROTO_IP = 0,    /* Dummy protocol for TCP.  */
     ^
/usr/include/linux/in.h:28:3: error: redeclaration of enumerator ‘IPPROTO_ICMP’
   IPPROTO_ICMP = 1,  /* Internet Control Message Protocol */
   ^
/usr/include/netinet/in.h:45:5: note: previous definition of ‘IPPROTO_ICMP’ was here
     IPPROTO_ICMP = 1,    /* Internet Control Message Protocol.  */
     ^
/usr/include/linux/in.h:30:3: error: redeclaration of enumerator ‘IPPROTO_IGMP’
   IPPROTO_IGMP = 2,  /* Internet Group Management Protocol */
   ^
/usr/include/netinet/in.h:47:5: note: previous definition of ‘IPPROTO_IGMP’ was here
     IPPROTO_IGMP = 2,    /* Internet Group Management Protocol. */
     ^
/usr/include/linux/in.h:32:3: error: redeclaration of enumerator ‘IPPROTO_IPIP’
   IPPROTO_IPIP = 4,  /* IPIP tunnels (older KA9Q tunnels use 94) */
   ^
/usr/include/netinet/in.h:49:5: note: previous definition of ‘IPPROTO_IPIP’ was here
     IPPROTO_IPIP = 4,    /* IPIP tunnels (older KA9Q tunnels use 94).  */
     ^
/usr/include/linux/in.h:34:3: error: redeclaration of enumerator ‘IPPROTO_TCP’
   IPPROTO_TCP = 6,  /* Transmission Control Protocol */
   ^
/usr/include/netinet/in.h:51:5: note: previous definition of ‘IPPROTO_TCP’ was here
     IPPROTO_TCP = 6,    /* Transmission Control Protocol.  */
     ^
/usr/include/linux/in.h:36:3: error: redeclaration of enumerator ‘IPPROTO_EGP’
   IPPROTO_EGP = 8,  /* Exterior Gateway Protocol  */
   ^
/usr/include/netinet/in.h:53:5: note: previous definition of ‘IPPROTO_EGP’ was here
     IPPROTO_EGP = 8,    /* Exterior Gateway Protocol.  */
     ^
/usr/include/linux/in.h:38:3: error: redeclaration of enumerator ‘IPPROTO_PUP’
   IPPROTO_PUP = 12,  /* PUP protocol    */
   ^
/usr/include/netinet/in.h:55:5: note: previous definition of ‘IPPROTO_PUP’ was here
     IPPROTO_PUP = 12,    /* PUP protocol.  */
     ^
/usr/include/linux/in.h:40:3: error: redeclaration of enumerator ‘IPPROTO_UDP’
   IPPROTO_UDP = 17,  /* User Datagram Protocol  */
   ^
/usr/include/netinet/in.h:57:5: note: previous definition of ‘IPPROTO_UDP’ was here
     IPPROTO_UDP = 17,    /* User Datagram Protocol.  */
     ^
/usr/include/linux/in.h:42:3: error: redeclaration of enumerator ‘IPPROTO_IDP’
   IPPROTO_IDP = 22,  /* XNS IDP protocol   */
   ^
/usr/include/netinet/in.h:59:5: note: previous definition of ‘IPPROTO_IDP’ was here
     IPPROTO_IDP = 22,    /* XNS IDP protocol.  */
     ^
/usr/include/linux/in.h:44:3: error: redeclaration of enumerator ‘IPPROTO_TP’
   IPPROTO_TP = 29,  /* SO Transport Protocol Class 4 */
   ^
/usr/include/netinet/in.h:61:5: note: previous definition of ‘IPPROTO_TP’ was here
     IPPROTO_TP = 29,    /* SO Transport Protocol Class 4.  */
     ^
/usr/include/linux/in.h:46:3: error: redeclaration of enumerator ‘IPPROTO_DCCP’
   IPPROTO_DCCP = 33,  /* Datagram Congestion Control Protocol */
   ^
/usr/include/netinet/in.h:63:5: note: previous definition of ‘IPPROTO_DCCP’ was here
     IPPROTO_DCCP = 33,    /* Datagram Congestion Control Protocol.  */
     ^
/usr/include/linux/in.h:48:3: error: redeclaration of enumerator ‘IPPROTO_IPV6’
   IPPROTO_IPV6 = 41,  /* IPv6-in-IPv4 tunnelling  */
   ^
/usr/include/netinet/in.h:65:5: note: previous definition of ‘IPPROTO_IPV6’ was here
     IPPROTO_IPV6 = 41,     /* IPv6 header.  */
     ^
/usr/include/linux/in.h:50:3: error: redeclaration of enumerator ‘IPPROTO_RSVP’
   IPPROTO_RSVP = 46,  /* RSVP Protocol   */
   ^
/usr/include/netinet/in.h:67:5: note: previous definition of ‘IPPROTO_RSVP’ was here
     IPPROTO_RSVP = 46,    /* Reservation Protocol.  */
     ^
/usr/include/linux/in.h:52:3: error: redeclaration of enumerator ‘IPPROTO_GRE’
   IPPROTO_GRE = 47,  /* Cisco GRE tunnels (rfc 1701,1702) */
   ^
/usr/include/netinet/in.h:69:5: note: previous definition of ‘IPPROTO_GRE’ was here
     IPPROTO_GRE = 47,    /* General Routing Encapsulation.  */
     ^
/usr/include/linux/in.h:54:3: error: redeclaration of enumerator ‘IPPROTO_ESP’
   IPPROTO_ESP = 50,  /* Encapsulation Security Payload protocol */
   ^
/usr/include/netinet/in.h:71:5: note: previous definition of ‘IPPROTO_ESP’ was here
     IPPROTO_ESP = 50,      /* encapsulating security payload.  */
     ^
/usr/include/linux/in.h:56:3: error: redeclaration of enumerator ‘IPPROTO_AH’
   IPPROTO_AH = 51,  /* Authentication Header protocol */
   ^
/usr/include/netinet/in.h:73:5: note: previous definition of ‘IPPROTO_AH’ was here
     IPPROTO_AH = 51,       /* authentication header.  */
     ^
/usr/include/linux/in.h:58:3: error: redeclaration of enumerator ‘IPPROTO_MTP’
   IPPROTO_MTP = 92,  /* Multicast Transport Protocol  */
   ^
/usr/include/netinet/in.h:75:5: note: previous definition of ‘IPPROTO_MTP’ was here
     IPPROTO_MTP = 92,    /* Multicast Transport Protocol.  */
     ^
/usr/include/linux/in.h:60:3: error: redeclaration of enumerator ‘IPPROTO_BEETPH’
   IPPROTO_BEETPH = 94,  /* IP option pseudo header for BEET */
   ^
/usr/include/netinet/in.h:77:5: note: previous definition of ‘IPPROTO_BEETPH’ was here
     IPPROTO_BEETPH = 94,   /* IP option pseudo header for BEET.  */
     ^
/usr/include/linux/in.h:62:3: error: redeclaration of enumerator ‘IPPROTO_ENCAP’
   IPPROTO_ENCAP = 98,  /* Encapsulation Header   */
   ^
/usr/include/netinet/in.h:79:5: note: previous definition of ‘IPPROTO_ENCAP’ was here
     IPPROTO_ENCAP = 98,    /* Encapsulation Header.  */
     ^
/usr/include/linux/in.h:64:3: error: redeclaration of enumerator ‘IPPROTO_PIM’
   IPPROTO_PIM = 103,  /* Protocol Independent Multicast */
   ^
/usr/include/netinet/in.h:81:5: note: previous definition of ‘IPPROTO_PIM’ was here
     IPPROTO_PIM = 103,    /* Protocol Independent Multicast.  */
     ^
/usr/include/linux/in.h:66:3: error: redeclaration of enumerator ‘IPPROTO_COMP’
   IPPROTO_COMP = 108,  /* Compression Header Protocol  */
   ^
/usr/include/netinet/in.h:83:5: note: previous definition of ‘IPPROTO_COMP’ was here
     IPPROTO_COMP = 108,    /* Compression Header Protocol.  */
     ^
/usr/include/linux/in.h:68:3: error: redeclaration of enumerator ‘IPPROTO_SCTP’
   IPPROTO_SCTP = 132,  /* Stream Control Transport Protocol */
   ^
/usr/include/netinet/in.h:85:5: note: previous definition of ‘IPPROTO_SCTP’ was here
     IPPROTO_SCTP = 132,    /* Stream Control Transmission Protocol.  */
     ^
/usr/include/linux/in.h:70:3: error: redeclaration of enumerator ‘IPPROTO_UDPLITE’
   IPPROTO_UDPLITE = 136, /* UDP-Lite (RFC 3828)   */
   ^
/usr/include/netinet/in.h:87:5: note: previous definition of ‘IPPROTO_UDPLITE’ was here
     IPPROTO_UDPLITE = 136, /* UDP-Lite protocol.  */
     ^
/usr/include/linux/in.h:74:3: error: redeclaration of enumerator ‘IPPROTO_RAW’
   IPPROTO_RAW = 255,  /* Raw IP packets   */
   ^
/usr/include/netinet/in.h:89:5: note: previous definition of ‘IPPROTO_RAW’ was here
     IPPROTO_RAW = 255,    /* Raw IP packets.  */
     ^
In file included from /labhome/eldarsh/workspace/rdma_cm_time/cmake-build-debug/CMakeFiles/CMakeTmp/src.c:4:0:
/usr/include/linux/in.h:76:3: error: redeclaration of enumerator ‘IPPROTO_MAX’
   IPPROTO_MAX
   ^
In file included from /labhome/eldarsh/workspace/rdma_cm_time/cmake-build-debug/CMakeFiles/CMakeTmp/src.c:3:0:
/usr/include/netinet/in.h:91:5: note: previous definition of ‘IPPROTO_MAX’ was here
     IPPROTO_MAX
     ^
In file included from /labhome/eldarsh/workspace/rdma_cm_time/cmake-build-debug/CMakeFiles/CMakeTmp/src.c:4:0:
/usr/include/linux/in.h:81:8: error: redefinition of ‘struct in_addr’
 struct in_addr {
        ^
In file included from /labhome/eldarsh/workspace/rdma_cm_time/cmake-build-debug/CMakeFiles/CMakeTmp/src.c:3:0:
/usr/include/netinet/in.h:32:8: note: originally defined here
 struct in_addr
        ^
In file included from /labhome/eldarsh/workspace/rdma_cm_time/cmake-build-debug/CMakeFiles/CMakeTmp/src.c:4:0:
/usr/include/linux/in.h:161:8: error: redefinition of ‘struct ip_mreq’
 struct ip_mreq  {
        ^
In file included from /labhome/eldarsh/workspace/rdma_cm_time/cmake-build-debug/CMakeFiles/CMakeTmp/src.c:3:0:
/usr/include/netinet/in.h:265:8: note: originally defined here
 struct ip_mreq
        ^
In file included from /labhome/eldarsh/workspace/rdma_cm_time/cmake-build-debug/CMakeFiles/CMakeTmp/src.c:4:0:
/usr/include/linux/in.h:166:8: error: redefinition of ‘struct ip_mreqn’
 struct ip_mreqn {
        ^
In file included from /usr/include/netinet/in.h:38:0,
                 from /labhome/eldarsh/workspace/rdma_cm_time/cmake-build-debug/CMakeFiles/CMakeTmp/src.c:3:
/usr/include/bits/in.h:127:8: note: originally defined here
 struct ip_mreqn
        ^
In file included from /labhome/eldarsh/workspace/rdma_cm_time/cmake-build-debug/CMakeFiles/CMakeTmp/src.c:4:0:
/usr/include/linux/in.h:172:8: error: redefinition of ‘struct ip_mreq_source’
 struct ip_mreq_source {
        ^
In file included from /labhome/eldarsh/workspace/rdma_cm_time/cmake-build-debug/CMakeFiles/CMakeTmp/src.c:3:0:
/usr/include/netinet/in.h:274:8: note: originally defined here
 struct ip_mreq_source
        ^
In file included from /labhome/eldarsh/workspace/rdma_cm_time/cmake-build-debug/CMakeFiles/CMakeTmp/src.c:4:0:
/usr/include/linux/in.h:178:8: error: redefinition of ‘struct ip_msfilter’
 struct ip_msfilter {
        ^
In file included from /labhome/eldarsh/workspace/rdma_cm_time/cmake-build-debug/CMakeFiles/CMakeTmp/src.c:3:0:
/usr/include/netinet/in.h:324:8: note: originally defined here
 struct ip_msfilter
        ^
In file included from /labhome/eldarsh/workspace/rdma_cm_time/cmake-build-debug/CMakeFiles/CMakeTmp/src.c:4:0:
/usr/include/linux/in.h:190:8: error: redefinition of ‘struct group_req’
 struct group_req {
        ^
In file included from /labhome/eldarsh/workspace/rdma_cm_time/cmake-build-debug/CMakeFiles/CMakeTmp/src.c:3:0:
/usr/include/netinet/in.h:301:8: note: originally defined here
 struct group_req
        ^
In file included from /labhome/eldarsh/workspace/rdma_cm_time/cmake-build-debug/CMakeFiles/CMakeTmp/src.c:4:0:
/usr/include/linux/in.h:195:8: error: redefinition of ‘struct group_source_req’
 struct group_source_req {
        ^
In file included from /labhome/eldarsh/workspace/rdma_cm_time/cmake-build-debug/CMakeFiles/CMakeTmp/src.c:3:0:
/usr/include/netinet/in.h:310:8: note: originally defined here
 struct group_source_req
        ^
In file included from /labhome/eldarsh/workspace/rdma_cm_time/cmake-build-debug/CMakeFiles/CMakeTmp/src.c:4:0:
/usr/include/linux/in.h:201:8: error: redefinition of ‘struct group_filter’
 struct group_filter {
        ^
In file included from /labhome/eldarsh/workspace/rdma_cm_time/cmake-build-debug/CMakeFiles/CMakeTmp/src.c:3:0:
/usr/include/netinet/in.h:345:8: note: originally defined here
 struct group_filter
        ^
In file included from /labhome/eldarsh/workspace/rdma_cm_time/cmake-build-debug/CMakeFiles/CMakeTmp/src.c:4:0:
/usr/include/linux/in.h:213:8: error: redefinition of ‘struct in_pktinfo’
 struct in_pktinfo {
        ^
In file included from /usr/include/netinet/in.h:38:0,
                 from /labhome/eldarsh/workspace/rdma_cm_time/cmake-build-debug/CMakeFiles/CMakeTmp/src.c:3:
/usr/include/bits/in.h:135:8: note: originally defined here
 struct in_pktinfo
        ^
In file included from /labhome/eldarsh/workspace/rdma_cm_time/cmake-build-debug/CMakeFiles/CMakeTmp/src.c:4:0:
/usr/include/linux/in.h:221:8: error: redefinition of ‘struct sockaddr_in’
 struct sockaddr_in {
        ^
In file included from /labhome/eldarsh/workspace/rdma_cm_time/cmake-build-debug/CMakeFiles/CMakeTmp/src.c:3:0:
/usr/include/netinet/in.h:238:8: note: originally defined here
 struct sockaddr_in
        ^
gmake[1]: *** [CMakeFiles/cmTC_b5d9e.dir/src.c.o] Error 1
gmake[1]: Leaving directory `/.autodirect/swgwork/eldarsh/workspace/rdma_cm_time/cmake-build-debug/CMakeFiles/CMakeTmp'
gmake: *** [cmTC_b5d9e/fast] Error 2

Source file was:

 #include <sys/socket.h>
 #include <netinet/in.h>
 #include <linux/in.h>
 #include <linux/in6.h>
 int main(int argc,const char *argv[]) { return 0; }
Determining if the include file stdatomic.h exists failed with the following output:
Change Dir: /labhome/eldarsh/workspace/rdma_cm_time/cmake-build-debug/CMakeFiles/CMakeTmp

Run Build Command(s):/bin/gmake cmTC_372dd/fast 
/bin/gmake -f CMakeFiles/cmTC_372dd.dir/build.make CMakeFiles/cmTC_372dd.dir/build
gmake[1]: Entering directory `/.autodirect/swgwork/eldarsh/workspace/rdma_cm_time/cmake-build-debug/CMakeFiles/CMakeTmp'
Building C object CMakeFiles/cmTC_372dd.dir/CheckIncludeFile.c.o
/bin/cc   -libverbs -lpthread   -Wshadow    -std=gnu11 -o CMakeFiles/cmTC_372dd.dir/CheckIncludeFile.c.o   -c /labhome/eldarsh/workspace/rdma_cm_time/cmake-build-debug/CMakeFiles/CMakeTmp/CheckIncludeFile.c
/labhome/eldarsh/workspace/rdma_cm_time/cmake-build-debug/CMakeFiles/CMakeTmp/CheckIncludeFile.c:1:23: fatal error: stdatomic.h: No such file or directory
 #include <stdatomic.h>
                       ^
compilation terminated.
gmake[1]: *** [CMakeFiles/cmTC_372dd.dir/CheckIncludeFile.c.o] Error 1
gmake[1]: Leaving directory `/.autodirect/swgwork/eldarsh/workspace/rdma_cm_time/cmake-build-debug/CMakeFiles/CMakeTmp'
gmake: *** [cmTC_372dd/fast] Error 2


Performing C SOURCE FILE Test _LDSYMVER_SUCCESS failed with the following output:
Change Dir: /labhome/eldarsh/workspace/rdma_cm_time/cmake-build-debug/CMakeFiles/CMakeTmp

Run Build Command(s):/bin/gmake cmTC_efd0d/fast 
/bin/gmake -f CMakeFiles/cmTC_efd0d.dir/build.make CMakeFiles/cmTC_efd0d.dir/build
gmake[1]: Entering directory `/.autodirect/swgwork/eldarsh/workspace/rdma_cm_time/cmake-build-debug/CMakeFiles/CMakeTmp'
Building C object CMakeFiles/cmTC_efd0d.dir/src.c.o
/bin/cc   -libverbs -lpthread   -Wshadow -D_LDSYMVER_SUCCESS   -std=gnu11 -o CMakeFiles/cmTC_efd0d.dir/src.c.o   -c /labhome/eldarsh/workspace/rdma_cm_time/cmake-build-debug/CMakeFiles/CMakeTmp/src.c
Linking C executable cmTC_efd0d
/labhome/eldarsh/workspace/clion-2019.2/bin/cmake/linux/bin/cmake -E cmake_link_script CMakeFiles/cmTC_efd0d.dir/link.txt --verbose=1
/bin/cc  -libverbs -lpthread   -Wshadow -D_LDSYMVER_SUCCESS   -Wl,--as-needed -Wl,--no-undefined -Wl,--version-script=/labhome/eldarsh/workspace/rdma_cm_time/cmake-build-debug/test.map  CMakeFiles/cmTC_efd0d.dir/src.c.o  -o cmTC_efd0d 
CMakeFiles/cmTC_efd0d.dir/src.c.o:(*IND*+0x0): multiple definition of `ibv_get_device_list'
collect2: error: ld returned 1 exit status
gmake[1]: *** [cmTC_efd0d] Error 1
gmake[1]: Leaving directory `/.autodirect/swgwork/eldarsh/workspace/rdma_cm_time/cmake-build-debug/CMakeFiles/CMakeTmp'
gmake: *** [cmTC_efd0d/fast] Error 2

Source file was:

void ibv_get_device_list_1(void);
void ibv_get_device_list_1(void){}
asm(".symver ibv_get_device_list_1, ibv_get_device_list@IBVERBS_1.1");
void ibv_get_device_list_0(void);
void ibv_get_device_list_0(void){}
asm(".symver ibv_get_device_list_0, ibv_get_device_list@@IBVERBS_1.0");

int main(int argc,const char *argv[]){return 0;}
